{"name": "User can add a project through the settings", "status": "broken", "statusDetails": {"message": "selenium.common.exceptions.TimeoutException: Message: Expected text 'test+alexander+careerist' not found in element ('class name', 'name_text_account')\nStacktrace:\n0   chromedriver                        0x0000000102bbaa54 cxxbridge1$str$ptr + 2803960\n1   chromedriver                        0x0000000102bb2cf0 cxxbridge1$str$ptr + 2771860\n2   chromedriver                        0x00000001026fe864 cxxbridge1$string$len + 93028\n3   chromedriver                        0x0000000102745410 cxxbridge1$string$len + 382736\n4   chromedriver                        0x0000000102786480 cxxbridge1$string$len + 649088\n5   chromedriver                        0x00000001027397ec cxxbridge1$string$len + 334572\n6   chromedriver                        0x0000000102b7fccc cxxbridge1$str$ptr + 2562928\n7   chromedriver                        0x0000000102b82f98 cxxbridge1$str$ptr + 2575932\n8   chromedriver                        0x0000000102b602c4 cxxbridge1$str$ptr + 2433384\n9   chromedriver                        0x0000000102b83810 cxxbridge1$str$ptr + 2578100\n10  chromedriver                        0x0000000102b512f0 cxxbridge1$str$ptr + 2371988\n11  chromedriver                        0x0000000102ba357c cxxbridge1$str$ptr + 2708512\n12  chromedriver                        0x0000000102ba3708 cxxbridge1$str$ptr + 2708908\n13  chromedriver                        0x0000000102bb293c cxxbridge1$str$ptr + 2770912\n14  libsystem_pthread.dylib             0x000000018ffd1f94 _pthread_start + 136\n15  libsystem_pthread.dylib             0x000000018ffccd34 thread_start + 8\n\n", "trace": "  File \"/Users/happyfiredev/Sync/0_Cyber_training/QA_Automation_Careerist/internship_project/.venv/lib/python3.13/site-packages/behave/model.py\", line 1329, in run\n    match.run(runner.context)\n    ~~~~~~~~~^^^^^^^^^^^^^^^^\n  File \"/Users/happyfiredev/Sync/0_Cyber_training/QA_Automation_Careerist/internship_project/.venv/lib/python3.13/site-packages/behave/matchers.py\", line 98, in run\n    self.func(context, *args, **kwargs)\n    ~~~~~~~~~^^^^^^^^^^^^^^^^^^^^^^^^^^\n  File \"features/steps/side_nav_ui_steps.py\", line 22, in verify_side_menu_loaded\n    (context.app.side_nav_ui.verify_user_is_fully_logged_in_by_checking_company_name(\n     ~~~~~~~~~~~~~~~~~~~~~~~~~~~~~~~~~~~~~~~~~~~~~~~~~~~~~~~~~~~~~~~~~~~~~~~~~~~~~~~^\n    LOGIN_SUCCESS_LOCATOR, EXPECTED_LOGIN_TEXT)\n    ^^^^^^^^^^^^^^^^^^^^^^^^^^^^^^^^^^^^^^^^^^^\n  File \"/Users/happyfiredev/Sync/0_Cyber_training/QA_Automation_Careerist/internship_project/pages/side_nav_ui.py\", line 6, in verify_user_is_fully_logged_in_by_checking_company_name\n    element = self.wait_until_element_text_is_present(locator, expected_text)\n  File \"/Users/happyfiredev/Sync/0_Cyber_training/QA_Automation_Careerist/internship_project/pages/base_page.py\", line 60, in wait_until_element_text_is_present\n    return WebDriverWait(self.driver, timeout).until(\n           ~~~~~~~~~~~~~~~~~~~~~~~~~~~~~~~~~~~~~~~~~^\n        text_matches,\n        ^^^^^^^^^^^^^\n        message=f\"Expected text '{expected_text}' not found in element {locator}\"\n        ^^^^^^^^^^^^^^^^^^^^^^^^^^^^^^^^^^^^^^^^^^^^^^^^^^^^^^^^^^^^^^^^^^^^^^^^^\n    )\n    ^\n  File \"/Users/happyfiredev/Sync/0_Cyber_training/QA_Automation_Careerist/internship_project/.venv/lib/python3.13/site-packages/selenium/webdriver/support/wait.py\", line 146, in until\n    raise TimeoutException(message, screen, stacktrace)\n"}, "steps": [{"name": "Given Open the login page", "status": "passed", "start": 1746211150211, "stop": 1746211152498}, {"name": "When Enter email", "status": "passed", "start": 1746211152498, "stop": 1746211152532}, {"name": "And Enter password", "status": "passed", "start": 1746211152533, "stop": 1746211152558}, {"name": "And Click login button", "status": "passed", "start": 1746211152561, "stop": 1746211152631}, {"name": "Then Verify user is fully logged in", "status": "broken", "statusDetails": {"message": "selenium.common.exceptions.TimeoutException: Message: Expected text 'test+alexander+careerist' not found in element ('class name', 'name_text_account')\nStacktrace:\n0   chromedriver                        0x0000000102bbaa54 cxxbridge1$str$ptr + 2803960\n1   chromedriver                        0x0000000102bb2cf0 cxxbridge1$str$ptr + 2771860\n2   chromedriver                        0x00000001026fe864 cxxbridge1$string$len + 93028\n3   chromedriver                        0x0000000102745410 cxxbridge1$string$len + 382736\n4   chromedriver                        0x0000000102786480 cxxbridge1$string$len + 649088\n5   chromedriver                        0x00000001027397ec cxxbridge1$string$len + 334572\n6   chromedriver                        0x0000000102b7fccc cxxbridge1$str$ptr + 2562928\n7   chromedriver                        0x0000000102b82f98 cxxbridge1$str$ptr + 2575932\n8   chromedriver                        0x0000000102b602c4 cxxbridge1$str$ptr + 2433384\n9   chromedriver                        0x0000000102b83810 cxxbridge1$str$ptr + 2578100\n10  chromedriver                        0x0000000102b512f0 cxxbridge1$str$ptr + 2371988\n11  chromedriver                        0x0000000102ba357c cxxbridge1$str$ptr + 2708512\n12  chromedriver                        0x0000000102ba3708 cxxbridge1$str$ptr + 2708908\n13  chromedriver                        0x0000000102bb293c cxxbridge1$str$ptr + 2770912\n14  libsystem_pthread.dylib             0x000000018ffd1f94 _pthread_start + 136\n15  libsystem_pthread.dylib             0x000000018ffccd34 thread_start + 8\n\n", "trace": "  File \"/Users/happyfiredev/Sync/0_Cyber_training/QA_Automation_Careerist/internship_project/.venv/lib/python3.13/site-packages/behave/model.py\", line 1329, in run\n    match.run(runner.context)\n    ~~~~~~~~~^^^^^^^^^^^^^^^^\n  File \"/Users/happyfiredev/Sync/0_Cyber_training/QA_Automation_Careerist/internship_project/.venv/lib/python3.13/site-packages/behave/matchers.py\", line 98, in run\n    self.func(context, *args, **kwargs)\n    ~~~~~~~~~^^^^^^^^^^^^^^^^^^^^^^^^^^\n  File \"features/steps/side_nav_ui_steps.py\", line 22, in verify_side_menu_loaded\n    (context.app.side_nav_ui.verify_user_is_fully_logged_in_by_checking_company_name(\n     ~~~~~~~~~~~~~~~~~~~~~~~~~~~~~~~~~~~~~~~~~~~~~~~~~~~~~~~~~~~~~~~~~~~~~~~~~~~~~~~^\n    LOGIN_SUCCESS_LOCATOR, EXPECTED_LOGIN_TEXT)\n    ^^^^^^^^^^^^^^^^^^^^^^^^^^^^^^^^^^^^^^^^^^^\n  File \"/Users/happyfiredev/Sync/0_Cyber_training/QA_Automation_Careerist/internship_project/pages/side_nav_ui.py\", line 6, in verify_user_is_fully_logged_in_by_checking_company_name\n    element = self.wait_until_element_text_is_present(locator, expected_text)\n  File \"/Users/happyfiredev/Sync/0_Cyber_training/QA_Automation_Careerist/internship_project/pages/base_page.py\", line 60, in wait_until_element_text_is_present\n    return WebDriverWait(self.driver, timeout).until(\n           ~~~~~~~~~~~~~~~~~~~~~~~~~~~~~~~~~~~~~~~~~^\n        text_matches,\n        ^^^^^^^^^^^^^\n        message=f\"Expected text '{expected_text}' not found in element {locator}\"\n        ^^^^^^^^^^^^^^^^^^^^^^^^^^^^^^^^^^^^^^^^^^^^^^^^^^^^^^^^^^^^^^^^^^^^^^^^^\n    )\n    ^\n  File \"/Users/happyfiredev/Sync/0_Cyber_training/QA_Automation_Careerist/internship_project/.venv/lib/python3.13/site-packages/selenium/webdriver/support/wait.py\", line 146, in until\n    raise TimeoutException(message, screen, stacktrace)\n"}, "start": 1746211152632, "stop": 1746211166047}, {"name": "When Click on the settings option", "status": "skipped", "start": 1746211166146, "stop": 1746211166146}, {"name": "Then Verify user is fully logged in", "status": "skipped", "start": 1746211166147, "stop": 1746211166147}, {"name": "When Click on Add a project", "status": "skipped", "start": 1746211166147, "stop": 1746211166147}, {"name": "Then Verify the right page opens", "status": "skipped", "start": 1746211166147, "stop": 1746211166147}, {"name": "When Add some test information to the input fields", "status": "skipped", "start": 1746211166147, "stop": 1746211166147}, {"name": "Then Verify the correct information is present in the input fields", "status": "skipped", "start": 1746211166147, "stop": 1746211166147}, {"name": "And Verify the “Send an application” button is available and clickable", "status": "skipped", "start": 1746211166147, "stop": 1746211166147}], "start": 1746211147482, "stop": 1746211166147, "uuid": "a37ec220-8be4-40c5-8f32-9548fc2b27ea", "historyId": "f7096869103d6b0954b6ac7771804261", "fullName": "Testing the Add a project section under the settings menu: User can add a project through the settings", "labels": [{"name": "severity", "value": "normal"}, {"name": "feature", "value": "Testing the Add a project section under the settings menu"}, {"name": "framework", "value": "behave"}, {"name": "language", "value": "cpython3"}]}